<?xml version="1.0" encoding="UTF-8"?>
<TestRun id="42f3e87e-87c3-4eaf-846f-abd4718a5ccd" name="panahr@QHSW20363 2012-03-02 10:05:41" runUser="B2B\panahr" xmlns="http://microsoft.com/schemas/VisualStudio/TeamTest/2010">
  <TestSettings name="Local" id="eee881b2-76e0-4fc3-98c0-55e16c4933d2">
    <Description>These are default test settings for a local test run.</Description>
    <Deployment enabled="false" runDeploymentRoot="panahr_QHSW20363 2012-03-02 10_05_41">
      <DeploymentItem filename="c:\users\panahr\documents\visual studio 2010\Projects\FluentMongo\FleuntMongo.Mapping\bin\Debug\FleuntMongo.Mapping.dll" />
    </Deployment>
    <Execution>
      <TestTypeSpecific />
      <AgentRule name="Execution Agents">
      </AgentRule>
    </Execution>
  </TestSettings>
  <Times creation="2012-03-02T10:05:41.2839419+00:00" queuing="2012-03-02T10:05:43.7051840+00:00" start="2012-03-02T10:05:43.7851920+00:00" finish="2012-03-02T10:05:44.3692504+00:00" />
  <ResultSummary outcome="Completed">
    <Counters total="1" executed="1" passed="1" error="0" failed="0" timeout="0" aborted="0" inconclusive="0" passedButRunAborted="0" notRunnable="0" notExecuted="0" disconnected="0" warning="0" completed="0" inProgress="0" pending="0" />
  </ResultSummary>
  <TestDefinitions>
    <UnitTest name="Returns_The_Name_Of_The_Member" storage="c:\users\panahr\documents\visual studio 2010\projects\fluentmongo\fluentmongo.test\bin\debug\fluentmongo.test.dll" id="812a159f-f6a8-f288-421d-b2655ddddbb4">
      <Execution id="4b4b30f6-29c3-4549-8131-d44272841392" />
      <TestMethod codeBase="c:/users/panahr/documents/visual studio 2010/Projects/FluentMongo/FluentMongo.Test/bin/Debug/FluentMongo.Test.DLL" adapterTypeName="Microsoft.VisualStudio.TestTools.TestTypes.Unit.UnitTestAdapter, Microsoft.VisualStudio.QualityTools.Tips.UnitTest.Adapter, Version=10.0.0.0, Culture=neutral, PublicKeyToken=b03f5f7f11d50a3a" className="FluentMongo.Test.FieldWrapperTests, FluentMongo.Test, Version=1.0.0.0, Culture=neutral, PublicKeyToken=null" name="Returns_The_Name_Of_The_Member" />
    </UnitTest>
  </TestDefinitions>
  <TestLists>
    <TestList name="Results Not in a List" id="8c84fa94-04c1-424b-9868-57a2d4851a1d" />
    <TestList name="All Loaded Results" id="19431567-8539-422a-85d7-44ee4e166bda" />
  </TestLists>
  <TestEntries>
    <TestEntry testId="812a159f-f6a8-f288-421d-b2655ddddbb4" executionId="4b4b30f6-29c3-4549-8131-d44272841392" testListId="8c84fa94-04c1-424b-9868-57a2d4851a1d" />
  </TestEntries>
  <Results>
    <UnitTestResult executionId="4b4b30f6-29c3-4549-8131-d44272841392" testId="812a159f-f6a8-f288-421d-b2655ddddbb4" testName="Returns_The_Name_Of_The_Member" computerName="QHSW20363" duration="00:00:00.0752081" startTime="2012-03-02T10:05:43.8211956+00:00" endTime="2012-03-02T10:05:44.2122347+00:00" testType="13cdc9d9-ddb5-4fa4-a97d-d965ccfc6d4b" outcome="Passed" testListId="8c84fa94-04c1-424b-9868-57a2d4851a1d" relativeResultsDirectory="4b4b30f6-29c3-4549-8131-d44272841392">
    </UnitTestResult>
  </Results>
</TestRun>