<?xml version="1.0" encoding="UTF-8"?>
<TestRun id="689018d1-87f5-4e41-b616-3d718b33417a" name="panahr@QHSW20363 2012-03-08 10:40:39" runUser="B2B\panahr" xmlns="http://microsoft.com/schemas/VisualStudio/TeamTest/2010">
  <TestSettings name="Local" id="eee881b2-76e0-4fc3-98c0-55e16c4933d2">
    <Description>These are default test settings for a local test run.</Description>
    <Deployment enabled="false" runDeploymentRoot="panahr_QHSW20363 2012-03-08 10_40_39">
      <DeploymentItem filename="C:\Users\panahr\Documents\Visual Studio 2010\Projects\FluentMongo\FluentMongo.Repositories\bin\Debug\FluentMongo.Repositories.dll" />
      <DeploymentItem filename="c:\users\panahr\documents\visual studio 2010\Projects\FluentMongo\FluentMongo.Extensions\bin\Debug\FluentMongo.Extensions.dll" />
      <DeploymentItem filename="c:\users\panahr\documents\visual studio 2010\Projects\FluentMongo\FleuntMongo.Mapping\bin\Debug\FleuntMongo.Mapping.dll" />
    </Deployment>
    <Execution>
      <TestTypeSpecific />
      <AgentRule name="Execution Agents">
      </AgentRule>
    </Execution>
  </TestSettings>
  <Times creation="2012-03-08T10:40:39.6121528+00:00" queuing="2012-03-08T10:40:40.1722088+00:00" start="2012-03-08T10:40:40.2032119+00:00" finish="2012-03-08T10:40:40.6672583+00:00" />
  <ResultSummary outcome="Failed">
    <Counters total="1" executed="1" error="0" failed="1" timeout="0" aborted="0" inconclusive="0" passedButRunAborted="0" notRunnable="0" notExecuted="0" disconnected="0" warning="0" passed="0" completed="0" inProgress="0" pending="0" />
  </ResultSummary>
  <TestDefinitions>
    <UnitTest name="GetConnection_Creates_A_Connection_For_The_Specified_Type" storage="c:\users\panahr\documents\visual studio 2010\projects\fluentmongo\fluentmongo.test\bin\debug\fluentmongo.test.dll" id="a105131f-461b-0587-77f9-dfdde994a832">
      <Execution id="fd4709fd-4e99-4cce-b6cf-d51caa440d45" />
      <TestMethod codeBase="C:/Users/panahr/Documents/Visual Studio 2010/Projects/FluentMongo/FluentMongo.Test/bin/Debug/FluentMongo.Test.DLL" adapterTypeName="Microsoft.VisualStudio.TestTools.TestTypes.Unit.UnitTestAdapter, Microsoft.VisualStudio.QualityTools.Tips.UnitTest.Adapter, Version=10.0.0.0, Culture=neutral, PublicKeyToken=b03f5f7f11d50a3a" className="FluentMongo.Test.ConnectionFactoryTests, FluentMongo.Test, Version=1.0.0.0, Culture=neutral, PublicKeyToken=null" name="GetConnection_Creates_A_Connection_For_The_Specified_Type" />
    </UnitTest>
  </TestDefinitions>
  <TestLists>
    <TestList name="Results Not in a List" id="8c84fa94-04c1-424b-9868-57a2d4851a1d" />
    <TestList name="All Loaded Results" id="19431567-8539-422a-85d7-44ee4e166bda" />
  </TestLists>
  <TestEntries>
    <TestEntry testId="a105131f-461b-0587-77f9-dfdde994a832" executionId="fd4709fd-4e99-4cce-b6cf-d51caa440d45" testListId="8c84fa94-04c1-424b-9868-57a2d4851a1d" />
  </TestEntries>
  <Results>
    <UnitTestResult executionId="fd4709fd-4e99-4cce-b6cf-d51caa440d45" testId="a105131f-461b-0587-77f9-dfdde994a832" testName="GetConnection_Creates_A_Connection_For_The_Specified_Type" computerName="QHSW20363" duration="00:00:00.0415941" startTime="2012-03-08T10:40:40.2592175+00:00" endTime="2012-03-08T10:40:40.5692485+00:00" testType="13cdc9d9-ddb5-4fa4-a97d-d965ccfc6d4b" outcome="Failed" testListId="8c84fa94-04c1-424b-9868-57a2d4851a1d" relativeResultsDirectory="fd4709fd-4e99-4cce-b6cf-d51caa440d45">
      <Output>
        <ErrorInfo>
          <Message>Test method FluentMongo.Test.ConnectionFactoryTests.GetConnection_Creates_A_Connection_For_The_Specified_Type threw exception: 
System.NullReferenceException: Object reference not set to an instance of an object.</Message>
          <StackTrace>    at FluentMongo.Repositories.Connection.CheckReferencesAreMapped(Type associatedType) in C:\Users\panahr\Documents\Visual Studio 2010\Projects\FluentMongo\FluentMongo.Repositories\ConnectionFactory.cs:line 47
   at FluentMongo.Repositories.Connection.CheckReferencesAreMapped(Type associatedType) in C:\Users\panahr\Documents\Visual Studio 2010\Projects\FluentMongo\FluentMongo.Repositories\ConnectionFactory.cs:line 49
   at FluentMongo.Repositories.Connection..ctor(Type associatedType, ConnectionFactory connectionFactory) in C:\Users\panahr\Documents\Visual Studio 2010\Projects\FluentMongo\FluentMongo.Repositories\ConnectionFactory.cs:line 37
   at FluentMongo.Repositories.ConnectionFactory.GetConnection[T]() in C:\Users\panahr\Documents\Visual Studio 2010\Projects\FluentMongo\FluentMongo.Repositories\ConnectionFactory.cs:line 24
   at FluentMongo.Test.ConnectionFactoryTests.GetConnection_Creates_A_Connection_For_The_Specified_Type() in C:\Users\panahr\Documents\Visual Studio 2010\Projects\FluentMongo\FluentMongo.Test\ConnectionFactoryTests.cs:line 28
</StackTrace>
        </ErrorInfo>
      </Output>
    </UnitTestResult>
  </Results>
</TestRun>