<?xml version="1.0" encoding="UTF-8"?>
<TestRun id="25a367bb-e817-45b5-bfc7-33adab8161c2" name="panahr@QHSW20363 2012-03-02 10:27:49" runUser="B2B\panahr" xmlns="http://microsoft.com/schemas/VisualStudio/TeamTest/2010">
  <TestSettings name="Local" id="eee881b2-76e0-4fc3-98c0-55e16c4933d2">
    <Description>These are default test settings for a local test run.</Description>
    <Deployment enabled="false" runDeploymentRoot="panahr_QHSW20363 2012-03-02 10_27_49">
      <DeploymentItem filename="c:\users\panahr\documents\visual studio 2010\Projects\FluentMongo\FleuntMongo.Mapping\bin\Debug\FleuntMongo.Mapping.dll" />
      <DeploymentItem filename="c:\users\panahr\documents\visual studio 2010\Projects\FluentMongo\FluentMongo.Extensions\bin\Debug\FluentMongo.Extensions.dll" />
    </Deployment>
    <Execution>
      <TestTypeSpecific />
      <AgentRule name="Execution Agents">
      </AgentRule>
    </Execution>
  </TestSettings>
  <Times creation="2012-03-02T10:27:49.6007603+00:00" queuing="2012-03-02T10:27:49.6457648+00:00" start="2012-03-02T10:27:49.6587661+00:00" finish="2012-03-02T10:27:50.0408043+00:00" />
  <ResultSummary outcome="Failed">
    <Counters total="1" executed="1" error="0" failed="1" timeout="0" aborted="0" inconclusive="0" passedButRunAborted="0" notRunnable="0" notExecuted="0" disconnected="0" warning="0" passed="0" completed="0" inProgress="0" pending="0" />
  </ResultSummary>
  <TestDefinitions>
    <UnitTest name="SetMember_Sets_The_MemberInfo" storage="c:\users\panahr\documents\visual studio 2010\projects\fluentmongo\fluentmongo.test\bin\debug\fluentmongo.test.dll" id="ab445129-0e85-b168-ebfe-188ca3cdfc25">
      <Execution id="f1cee72c-163f-4df2-8978-c139214930da" />
      <TestMethod codeBase="c:/users/panahr/documents/visual studio 2010/Projects/FluentMongo/FluentMongo.Test/bin/Debug/FluentMongo.Test.DLL" adapterTypeName="Microsoft.VisualStudio.TestTools.TestTypes.Unit.UnitTestAdapter, Microsoft.VisualStudio.QualityTools.Tips.UnitTest.Adapter, Version=10.0.0.0, Culture=neutral, PublicKeyToken=b03f5f7f11d50a3a" className="FluentMongo.Test.FieldWrapperTests, FluentMongo.Test, Version=1.0.0.0, Culture=neutral, PublicKeyToken=null" name="SetMember_Sets_The_MemberInfo" />
    </UnitTest>
  </TestDefinitions>
  <TestLists>
    <TestList name="Results Not in a List" id="8c84fa94-04c1-424b-9868-57a2d4851a1d" />
    <TestList name="All Loaded Results" id="19431567-8539-422a-85d7-44ee4e166bda" />
  </TestLists>
  <TestEntries>
    <TestEntry testId="ab445129-0e85-b168-ebfe-188ca3cdfc25" executionId="f1cee72c-163f-4df2-8978-c139214930da" testListId="8c84fa94-04c1-424b-9868-57a2d4851a1d" />
  </TestEntries>
  <Results>
    <UnitTestResult executionId="f1cee72c-163f-4df2-8978-c139214930da" testId="ab445129-0e85-b168-ebfe-188ca3cdfc25" testName="SetMember_Sets_The_MemberInfo" computerName="QHSW20363" duration="00:00:00.0345283" startTime="2012-03-02T10:27:49.7277730+00:00" endTime="2012-03-02T10:27:50.0148017+00:00" testType="13cdc9d9-ddb5-4fa4-a97d-d965ccfc6d4b" outcome="Failed" testListId="8c84fa94-04c1-424b-9868-57a2d4851a1d" relativeResultsDirectory="f1cee72c-163f-4df2-8978-c139214930da">
      <Output>
        <ErrorInfo>
          <Message>Assert.AreEqual failed. Expected:&lt;System.String&gt;. Actual:&lt;FluentMongo.Test.Customer&gt;. </Message>
          <StackTrace>   at FluentMongo.Test.FieldWrapperTests.SetMember_Sets_The_MemberInfo() in c:\users\panahr\documents\visual studio 2010\Projects\FluentMongo\FluentMongo.Test\FieldWrapperTests.cs:line 19
</StackTrace>
        </ErrorInfo>
      </Output>
    </UnitTestResult>
  </Results>
</TestRun>